<?xml version="1.0" encoding="UTF-8" standalone="no"?>
<testsuite failures="0" name="cucumber.runtime.formatter.JUnitFormatter" skipped="0" tests="3" time="0.141682">
    <testcase classname="Test Tagged Hooks" name="This is First test" time="0.14085">
        <system-out>
            <![CDATA[Given this is the first step................................................passed
When this is the second step................................................passed
Then this is the third step.................................................passed
]]>
        </system-out>
    </testcase>
    <testcase classname="Test Tagged Hooks" name="This is Second test" time="0.000388">
        <system-out>
            <![CDATA[Given this is the first step................................................passed
When this is the second step................................................passed
Then this is the third step.................................................passed
]]>
        </system-out>
    </testcase>
    <testcase classname="Test Tagged Hooks" name="This is Third test" time="0.000444">
        <system-out>
            <![CDATA[Given this is the first step................................................passed
When this is the second step................................................passed
Then this is the third step.................................................passed
]]>
        </system-out>
    </testcase>
</testsuite>
